Flutter crash report.
Please report a bug at https://github.com/flutter/flutter/issues.

## command

flutter attach --device-id SM S928B

## exception

StateError: Bad state: Stream has already been listened to.

```
#0      _StreamController._subscribe (dart:async/stream_controller.dart:679:7)
#1      _ControllerStream._createSubscription (dart:async/stream_controller.dart:830:19)
#2      _StreamImpl.listen (dart:async/stream_impl.dart:498:9)
#3      new _ForwardingStreamSubscription (dart:async/stream_pipe.dart:112:10)
#4      _ForwardingStream._createSubscription (dart:async/stream_pipe.dart:84:16)
#5      _ForwardingStream.listen (dart:async/stream_pipe.dart:79:12)
#6      FlutterDevice.connect (package:flutter_tools/src/resident_runner.dart:264:35)
#7      ResidentRunner.connectToServiceProtocol (package:flutter_tools/src/resident_runner.dart:1361:21)
#8      HotRunner.attach (package:flutter_tools/src/run_hot.dart:233:13)
#9      AttachCommand._attachToDevice (package:flutter_tools/src/commands/attach.dart:402:31)
<asynchronous suspension>
#10     AttachCommand.runCommand (package:flutter_tools/src/commands/attach.dart:265:5)
<asynchronous suspension>
#11     FlutterCommand.run.<anonymous closure> (package:flutter_tools/src/runner/flutter_command.dart:1450:27)
<asynchronous suspension>
#12     AppContext.run.<anonymous closure> (package:flutter_tools/src/base/context.dart:153:19)
<asynchronous suspension>
#13     CommandRunner.runCommand (package:args/command_runner.dart:212:13)
<asynchronous suspension>
#14     FlutterCommandRunner.runCommand.<anonymous closure> (package:flutter_tools/src/runner/flutter_command_runner.dart:421:9)
<asynchronous suspension>
#15     AppContext.run.<anonymous closure> (package:flutter_tools/src/base/context.dart:153:19)
<asynchronous suspension>
#16     FlutterCommandRunner.runCommand (package:flutter_tools/src/runner/flutter_command_runner.dart:364:5)
<asynchronous suspension>
#17     run.<anonymous closure>.<anonymous closure> (package:flutter_tools/runner.dart:131:9)
<asynchronous suspension>
#18     AppContext.run.<anonymous closure> (package:flutter_tools/src/base/context.dart:153:19)
<asynchronous suspension>
#19     main (package:flutter_tools/executable.dart:94:3)
<asynchronous suspension>
```

## flutter doctor

```
[✓] Flutter (Channel stable, 3.27.4, on Microsoft Windows [Version 10.0.19045.6216], locale en-US)
    • Flutter version 3.27.4 on channel stable at C:\Users\mosta\dev\flutter
    • Upstream repository https://github.com/flutter/flutter.git
    • Framework revision d8a9f9a52e (7 months ago), 2025-01-31 16:07:18 -0500
    • Engine revision 82bd5b7209
    • Dart version 3.6.2
    • DevTools version 2.40.3

[✓] Windows Version (Installed version of Windows is version 10 or higher)

[!] Android toolchain - develop for Android devices (Android SDK version 36.0.0)
    • Android SDK at C:\Users\mosta\AppData\Local\Android\sdk
    ✗ cmdline-tools component is missing
      Run `path/to/sdkmanager --install "cmdline-tools;latest"`
      See https://developer.android.com/studio/command-line for more details.
    ✗ Android license status unknown.
      Run `flutter doctor --android-licenses` to accept the SDK licenses.
      See https://flutter.dev/to/windows-android-setup for more details.

[✗] Chrome - develop for the web (Cannot find Chrome executable at .\Google\Chrome\Application\chrome.exe)
    ! Cannot find Chrome. Try setting CHROME_EXECUTABLE to a Chrome executable.

[✓] Visual Studio - develop Windows apps (Visual Studio Community 2022 17.14.9 (July 2025))
    • Visual Studio at C:\Program Files\Microsoft Visual Studio\2022\Community
    • Visual Studio Community 2022 version 17.14.36310.24
    • Windows 10 SDK version 10.0.26100.0

[✓] Android Studio (version 2025.1.1)
    • Android Studio at C:\Program Files\Android\Android Studio
    • Flutter plugin can be installed from:
      🔨 https://plugins.jetbrains.com/plugin/9212-flutter
    • Dart plugin can be installed from:
      🔨 https://plugins.jetbrains.com/plugin/6351-dart
    • Java version OpenJDK Runtime Environment (build 21.0.6+-13391695-b895.109)

[✓] Connected device (3 available)
    • SM S928B (mobile) • R5CWC36HMFA • android-arm64  • Android 15 (API 35)
    • Windows (desktop) • windows     • windows-x64    • Microsoft Windows [Version 10.0.19045.6216]
    • Edge (web)        • edge        • web-javascript • Microsoft Edge 139.0.3405.125

[✓] Network resources
    • All expected network resources are available.

! Doctor found issues in 2 categories.
```
